  password_creator.cpp
C:\Users\lqlas\source\repos\password_creator\password_creator\getopt.h(13,30): warning C4081: expected 'newline'; found ';'
C:\Users\lqlas\source\repos\password_creator\password_creator\password_creator.cpp(17,37): warning C4003: not enough arguments for function-like macro invocation 'min'
C:\Users\lqlas\source\repos\password_creator\password_creator\password_creator.cpp(17,47): warning C4003: not enough arguments for function-like macro invocation 'max'
C:\Users\lqlas\source\repos\password_creator\password_creator\password_creator.cpp(17,37): error C2059: syntax error: ')'
C:\Users\lqlas\source\repos\password_creator\password_creator\password_creator.cpp(17,1): error C2612: trailing ')' illegal in base/member initializer list
C:\Users\lqlas\source\repos\password_creator\password_creator\password_creator.cpp(171,1): fatal error C1004: unexpected end-of-file found

Project Performance Summary:
      935 ms  C:\Users\lqlas\source\repos\password_creator\password_creator\password_creator.vcxproj   1 calls
                935 ms  Build                                      1 calls

Target Performance Summary:
        0 ms  BeforeBuildGenerateSources                 1 calls
        0 ms  AfterResolveReferences                     1 calls
        0 ms  ResolveReferences                          1 calls
        0 ms  WarnCompileDuplicatedFilename              1 calls
        0 ms  BuildGenerateSourcesTraverse               1 calls
        0 ms  SelectClCompile                            1 calls
        0 ms  PreBuildEvent                              1 calls
        0 ms  _SelectedFiles                             1 calls
        0 ms  SelectCustomBuild                          1 calls
        0 ms  ComputeCustomBuildOutput                   1 calls
        0 ms  BuildGenerateSources                       1 calls
        0 ms  CopyFileToFolders                          1 calls
        0 ms  _Xsd                                       1 calls
        0 ms  MakeDirsForMidl                            1 calls
        0 ms  ComputeMIDLGeneratedCompileInputs          1 calls
        0 ms  AfterMidl                                  1 calls
        0 ms  _Midl                                      1 calls
        0 ms  AfterBuildGenerateSources                  1 calls
        0 ms  ResolveAssemblyReferences                  1 calls
        0 ms  AfterBuildGenerateSourcesEvent             1 calls
        0 ms  ExpandSDKReferences                        1 calls
        0 ms  BuildCompileTraverse                       1 calls
        0 ms  ComputeReferenceCLInput                    1 calls
        0 ms  _PrepareForBuild                           1 calls
        0 ms  _PrepareForReferenceResolution             1 calls
        0 ms  BeforeResolveReferences                    1 calls
        0 ms  GetReferencedVCProjectsInfo                1 calls
        0 ms  _SplitProjectReferencesByFileExistence     1 calls
        0 ms  _AddOutputPathToGlobalPropertiesToRemove   1 calls
        0 ms  MakeDirsForCl                              1 calls
        0 ms  PrepareProjectReferences                   1 calls
        0 ms  FindReferenceAssembliesForReferences       1 calls
        0 ms  GetFrameworkPaths                          1 calls
        0 ms  GetReferenceAssemblyPaths                  1 calls
        0 ms  AddExternalIncludDirectoriesToPaths        1 calls
        0 ms  SetBuildDefaultEnvironmentVariables        1 calls
        0 ms  BeforeClCompile                            1 calls
        0 ms  _CheckWindowsSDKInstalled                  1 calls
        0 ms  SetCABuildNativeEnvironmentVariables       1 calls
        0 ms  ResolveSDKReferences                       1 calls
        0 ms  _BuildGenerateSourcesAction                1 calls
        1 ms  FixupCLCompileOptions                      1 calls
        1 ms  GetResolvedWinMD                           1 calls
        1 ms  ComputeCLInputPDBName                      1 calls
        1 ms  AssignProjectConfiguration                 1 calls
        1 ms  ResolveProjectReferences                   1 calls
        2 ms  InitializeBuildStatus                      1 calls
        3 ms  SetTelemetryEnvironmentVariables           1 calls
        4 ms  PrepareForBuild                            1 calls
        5 ms  CustomBuild                                1 calls
       15 ms  _CheckForInvalidConfigurationAndPlatform   1 calls
       22 ms  _GetProjectReferenceTargetFrameworkProperties   1 calls
      878 ms  ClCompile                                  1 calls

Task Performance Summary:
        0 ms  WriteLinesToFile                           1 calls
        1 ms  ReadLinesFromFile                          1 calls
        1 ms  CheckVCToolsetVersion                      1 calls
        1 ms  Touch                                      1 calls
        1 ms  SetEnv                                     9 calls
        1 ms  MSBuild                                    1 calls
        1 ms  AssignProjectConfiguration                 1 calls
        2 ms  MakeDir                                    5 calls
        2 ms  Message                                    2 calls
        5 ms  GetOutOfDateItems                          3 calls
      878 ms  CL                                         1 calls
